mode: set
github.com/Yessentemir/wallet/pkg/wallet/service.go:22.78,23.37 1 1
github.com/Yessentemir/wallet/pkg/wallet/service.go:29.2,37.21 4 1
github.com/Yessentemir/wallet/pkg/wallet/service.go:23.37,24.29 1 0
github.com/Yessentemir/wallet/pkg/wallet/service.go:24.29,26.4 1 0
github.com/Yessentemir/wallet/pkg/wallet/service.go:40.70,41.17 1 1
github.com/Yessentemir/wallet/pkg/wallet/service.go:45.2,46.33 2 1
github.com/Yessentemir/wallet/pkg/wallet/service.go:53.2,53.20 1 1
github.com/Yessentemir/wallet/pkg/wallet/service.go:58.2,59.12 2 1
github.com/Yessentemir/wallet/pkg/wallet/service.go:41.17,43.3 1 0
github.com/Yessentemir/wallet/pkg/wallet/service.go:46.33,47.26 1 1
github.com/Yessentemir/wallet/pkg/wallet/service.go:47.26,49.9 2 1
github.com/Yessentemir/wallet/pkg/wallet/service.go:53.20,55.3 1 0
github.com/Yessentemir/wallet/pkg/wallet/service.go:62.116,63.17 1 1
github.com/Yessentemir/wallet/pkg/wallet/service.go:67.2,68.33 2 1
github.com/Yessentemir/wallet/pkg/wallet/service.go:74.2,74.20 1 1
github.com/Yessentemir/wallet/pkg/wallet/service.go:78.2,78.30 1 1
github.com/Yessentemir/wallet/pkg/wallet/service.go:82.2,92.21 5 1
github.com/Yessentemir/wallet/pkg/wallet/service.go:63.17,65.3 1 0
github.com/Yessentemir/wallet/pkg/wallet/service.go:68.33,69.26 1 1
github.com/Yessentemir/wallet/pkg/wallet/service.go:69.26,71.9 2 1
github.com/Yessentemir/wallet/pkg/wallet/service.go:74.20,76.3 1 0
github.com/Yessentemir/wallet/pkg/wallet/service.go:78.30,80.3 1 0
github.com/Yessentemir/wallet/pkg/wallet/service.go:96.76,98.33 2 1
github.com/Yessentemir/wallet/pkg/wallet/service.go:108.2,108.21 1 1
github.com/Yessentemir/wallet/pkg/wallet/service.go:98.33,99.26 1 1
github.com/Yessentemir/wallet/pkg/wallet/service.go:103.3,103.26 1 1
github.com/Yessentemir/wallet/pkg/wallet/service.go:99.26,101.4 1 0
github.com/Yessentemir/wallet/pkg/wallet/service.go:103.26,105.9 2 1
github.com/Yessentemir/wallet/pkg/wallet/service.go:112.50,114.16 2 1
github.com/Yessentemir/wallet/pkg/wallet/service.go:117.2,118.16 2 1
github.com/Yessentemir/wallet/pkg/wallet/service.go:122.2,124.12 3 1
github.com/Yessentemir/wallet/pkg/wallet/service.go:114.16,116.3 1 0
github.com/Yessentemir/wallet/pkg/wallet/service.go:118.16,120.3 1 0
github.com/Yessentemir/wallet/pkg/wallet/service.go:128.77,129.37 1 1
github.com/Yessentemir/wallet/pkg/wallet/service.go:135.2,135.32 1 1
github.com/Yessentemir/wallet/pkg/wallet/service.go:129.37,130.30 1 1
github.com/Yessentemir/wallet/pkg/wallet/service.go:130.30,132.4 1 1
